{"uuid":"af93cabf-2264-46af-a191-086dd781c6cb","historyId":"487cad89e896cc94486b16a1d0386e5d","testCaseId":"[engine:junit-jupiter]/[class:HW4.HomeWork4Test]/[method:birthdateChangeTest()]","testCaseName":"birthdateChangeTest()","fullName":"HW4.HomeWork4Test.birthdateChangeTest","labels":[{"name":"junit.platform.uniqueid","value":"[engine:junit-jupiter]/[class:HW4.HomeWork4Test]/[method:birthdateChangeTest()]"},{"name":"host","value":"DESKTOP-OGVTKOA"},{"name":"thread","value":"3016@DESKTOP-OGVTKOA.main(1)"},{"name":"framework","value":"junit-platform"},{"name":"language","value":"java"},{"name":"package","value":"HW4.HomeWork4Test"},{"name":"testClass","value":"HW4.HomeWork4Test"},{"name":"testMethod","value":"birthdateChangeTest"},{"name":"suite","value":"HW4.HomeWork4Test"}],"links":[],"name":"birthdateChangeTest()","status":"broken","statusDetails":{"known":false,"muted":false,"flaky":false,"message":"Could not start a new session. Unable to parse remote response: <!doctype html>\n<html lang=\"en\">\n<head>\n    <meta charset=\"utf-8\">\n    <meta name=\"viewport\" content=\"width=device-width,initial-scale=1.0\">\n    <meta name=\"theme-color\" content=\"#333333\">\n\n    <link rel=\"stylesheet\" href=\"/global.css\">\n    <link rel=\"manifest\" href=\"/manifest.json\" crossorigin=\"use-credentials\">\n    <link rel=\"icon\" type=\"image/x-icon\" href=\"/favicon/favicon.ico\">\n    <link rel=\"apple-touch-icon\" href=\"/logo/logo-192.png\">\n\n    <!-- Material Icons -->\n    <link\n        rel=\"stylesheet\"\n        href=\"https://fonts.googleapis.com/icon?family=Material+Icons\"\n    />\n    <!-- Roboto -->\n    <link\n        rel=\"stylesheet\"\n        href=\"https://fonts.googleapis.com/css?family=Roboto:300,400,500,600,700\"\n    />\n    <!-- Roboto Mono -->\n    <link\n        rel=\"stylesheet\"\n        href=\"https://fonts.googleapis.com/css?family=Roboto+Mono\"\n    />\n    <!-- SMUI Styles -->\n    <link rel=\"stylesheet\" href=\"/smui.css\"/>\n\n    <title>404</title>\n\t<link rel=\"stylesheet\" href=\"/_app/immutable/assets/__layout-6fdc8c0a.css\">\n\t<link rel=\"stylesheet\" href=\"/_app/immutable/assets/__error-108d6c30.css\">\n\t<link rel=\"modulepreload\" href=\"/_app/immutable/start-821f7383.js\">\n\t<link rel=\"modulepreload\" href=\"/_app/immutable/chunks/index-30fd21fe.js\">\n\t<link rel=\"modulepreload\" href=\"/_app/immutable/chunks/index-fd7f0df0.js\">\n\t<link rel=\"modulepreload\" href=\"/_app/immutable/pages/__layout.svelte-612f8e01.js\">\n\t<link rel=\"modulepreload\" href=\"/_app/immutable/chunks/access-dd3d2e45.js\">\n\t<link rel=\"modulepreload\" href=\"/_app/immutable/chunks/stores-58934ee3.js\">\n\t<link rel=\"modulepreload\" href=\"/_app/immutable/chunks/Ripple-429b85fd.js\">\n\t<link rel=\"modulepreload\" href=\"/_app/immutable/chunks/useActions-5f809003.js\">\n\t<link rel=\"modulepreload\" href=\"/_app/immutable/chunks/keyboard-49973ed0.js\">\n\t<link rel=\"modulepreload\" href=\"/_app/immutable/pages/__error.svelte-b31895ed.js\">\n</head>\n<body>\n<!-- The application will be rendered inside this element,\n     because `src/client.js` references it -->\n<div id=\"app\">\n\n\n<main class=\"svelte-1pbgeyl\"><nav class=\"svelte-1rc85o5\"></nav>\n    <div class=\"container svelte-1pbgeyl\">\n\n\n\n\n\n\n\n\n\n\n\n\n\n\n\n\n<div class=\"container svelte-195leua\"><h1 class=\"svelte-195leua\">404</h1>\n\n    <p class=\"svelte-195leua\">404: Not found: /login/session</p>\n\n    <pre>Error: Not found: /login/session\n    at resolve (file:///app/build/server/_app/immutable/chunks/index-a7a5809b.js:2365:20)\n    at runMicrotasks (&lt;anonymous>)\n    at processTicksAndRejections (node:internal/process/task_queues:96:5)\n    at async Object.handle (file:///app/build/server/_app/immutable/chunks/hooks-29ade96c.js:29:20)\n    at async respond (file:///app/build/server/_app/immutable/chunks/index-a7a5809b.js:2271:22)\n    at async Array.ssr (file:///app/build/handler-aee37ee5.js:1102:3)</pre></div></div>\n    <footer class=\"svelte-xz48vp\"><div class=\"copyright svelte-xz48vp\">Copyright ⓒ 2022 . Geekbrains</div></footer></main>\n\n\n\t\t<script type=\"module\" data-sveltekit-hydrate=\"4iu7ha\">\n\t\timport { set_public_env, start } from \"/_app/immutable/start-821f7383.js\";\n\n\t\tset_public_env({});\n\n\t\tstart({\n\t\t\ttarget: document.querySelector('[data-sveltekit-hydrate=\"4iu7ha\"]').parentNode,\n\t\t\tpaths: {\"base\":\"\",\"assets\":\"\"},\n\t\t\tsession: (function(a){return {user:{id:null,username:a,token:a,roles:[]}}}(\"\")),\n\t\t\troute: true,\n\t\t\tspa: false,\n\t\t\ttrailing_slash: \"never\",\n\t\t\thydrate: {\n\t\t\t\tstatus: 404,\n\t\t\t\terror: {\"name\":\"Error\",\"message\":\"Not found: /login/session\",\"stack\":\"Error: Not found: /login/session\\n    at resolve (file:///app/build/server/_app/immutable/chunks/index-a7a5809b.js:2365:20)\\n    at runMicrotasks (<anonymous>)\\n    at processTicksAndRejections (node:internal/process/task_queues:96:5)\\n    at async Object.handle (file:///app/build/server/_app/immutable/chunks/hooks-29ade96c.js:29:20)\\n    at async respond (file:///app/build/server/_app/immutable/chunks/index-a7a5809b.js:2271:22)\\n    at async Array.ssr (file:///app/build/handler-aee37ee5.js:1102:3)\"},\n\t\t\t\tnodes: [0, 1],\n\t\t\t\tparams: {},\n\t\t\t\trouteId: null\n\t\t\t}\n\t\t});\n\t</script></div>\n</body>\n</html>\n \nHost info: host: 'DESKTOP-OGVTKOA', ip: '172.21.192.1'","trace":"org.openqa.selenium.SessionNotCreatedException: Could not start a new session. Unable to parse remote response: <!doctype html>\n<html lang=\"en\">\n<head>\n    <meta charset=\"utf-8\">\n    <meta name=\"viewport\" content=\"width=device-width,initial-scale=1.0\">\n    <meta name=\"theme-color\" content=\"#333333\">\n\n    <link rel=\"stylesheet\" href=\"/global.css\">\n    <link rel=\"manifest\" href=\"/manifest.json\" crossorigin=\"use-credentials\">\n    <link rel=\"icon\" type=\"image/x-icon\" href=\"/favicon/favicon.ico\">\n    <link rel=\"apple-touch-icon\" href=\"/logo/logo-192.png\">\n\n    <!-- Material Icons -->\n    <link\n        rel=\"stylesheet\"\n        href=\"https://fonts.googleapis.com/icon?family=Material+Icons\"\n    />\n    <!-- Roboto -->\n    <link\n        rel=\"stylesheet\"\n        href=\"https://fonts.googleapis.com/css?family=Roboto:300,400,500,600,700\"\n    />\n    <!-- Roboto Mono -->\n    <link\n        rel=\"stylesheet\"\n        href=\"https://fonts.googleapis.com/css?family=Roboto+Mono\"\n    />\n    <!-- SMUI Styles -->\n    <link rel=\"stylesheet\" href=\"/smui.css\"/>\n\n    <title>404</title>\n\t<link rel=\"stylesheet\" href=\"/_app/immutable/assets/__layout-6fdc8c0a.css\">\n\t<link rel=\"stylesheet\" href=\"/_app/immutable/assets/__error-108d6c30.css\">\n\t<link rel=\"modulepreload\" href=\"/_app/immutable/start-821f7383.js\">\n\t<link rel=\"modulepreload\" href=\"/_app/immutable/chunks/index-30fd21fe.js\">\n\t<link rel=\"modulepreload\" href=\"/_app/immutable/chunks/index-fd7f0df0.js\">\n\t<link rel=\"modulepreload\" href=\"/_app/immutable/pages/__layout.svelte-612f8e01.js\">\n\t<link rel=\"modulepreload\" href=\"/_app/immutable/chunks/access-dd3d2e45.js\">\n\t<link rel=\"modulepreload\" href=\"/_app/immutable/chunks/stores-58934ee3.js\">\n\t<link rel=\"modulepreload\" href=\"/_app/immutable/chunks/Ripple-429b85fd.js\">\n\t<link rel=\"modulepreload\" href=\"/_app/immutable/chunks/useActions-5f809003.js\">\n\t<link rel=\"modulepreload\" href=\"/_app/immutable/chunks/keyboard-49973ed0.js\">\n\t<link rel=\"modulepreload\" href=\"/_app/immutable/pages/__error.svelte-b31895ed.js\">\n</head>\n<body>\n<!-- The application will be rendered inside this element,\n     because `src/client.js` references it -->\n<div id=\"app\">\n\n\n<main class=\"svelte-1pbgeyl\"><nav class=\"svelte-1rc85o5\"></nav>\n    <div class=\"container svelte-1pbgeyl\">\n\n\n\n\n\n\n\n\n\n\n\n\n\n\n\n\n<div class=\"container svelte-195leua\"><h1 class=\"svelte-195leua\">404</h1>\n\n    <p class=\"svelte-195leua\">404: Not found: /login/session</p>\n\n    <pre>Error: Not found: /login/session\n    at resolve (file:///app/build/server/_app/immutable/chunks/index-a7a5809b.js:2365:20)\n    at runMicrotasks (&lt;anonymous>)\n    at processTicksAndRejections (node:internal/process/task_queues:96:5)\n    at async Object.handle (file:///app/build/server/_app/immutable/chunks/hooks-29ade96c.js:29:20)\n    at async respond (file:///app/build/server/_app/immutable/chunks/index-a7a5809b.js:2271:22)\n    at async Array.ssr (file:///app/build/handler-aee37ee5.js:1102:3)</pre></div></div>\n    <footer class=\"svelte-xz48vp\"><div class=\"copyright svelte-xz48vp\">Copyright ⓒ 2022 . Geekbrains</div></footer></main>\n\n\n\t\t<script type=\"module\" data-sveltekit-hydrate=\"4iu7ha\">\n\t\timport { set_public_env, start } from \"/_app/immutable/start-821f7383.js\";\n\n\t\tset_public_env({});\n\n\t\tstart({\n\t\t\ttarget: document.querySelector('[data-sveltekit-hydrate=\"4iu7ha\"]').parentNode,\n\t\t\tpaths: {\"base\":\"\",\"assets\":\"\"},\n\t\t\tsession: (function(a){return {user:{id:null,username:a,token:a,roles:[]}}}(\"\")),\n\t\t\troute: true,\n\t\t\tspa: false,\n\t\t\ttrailing_slash: \"never\",\n\t\t\thydrate: {\n\t\t\t\tstatus: 404,\n\t\t\t\terror: {\"name\":\"Error\",\"message\":\"Not found: /login/session\",\"stack\":\"Error: Not found: /login/session\\n    at resolve (file:///app/build/server/_app/immutable/chunks/index-a7a5809b.js:2365:20)\\n    at runMicrotasks (<anonymous>)\\n    at processTicksAndRejections (node:internal/process/task_queues:96:5)\\n    at async Object.handle (file:///app/build/server/_app/immutable/chunks/hooks-29ade96c.js:29:20)\\n    at async respond (file:///app/build/server/_app/immutable/chunks/index-a7a5809b.js:2271:22)\\n    at async Array.ssr (file:///app/build/handler-aee37ee5.js:1102:3)\"},\n\t\t\t\tnodes: [0, 1],\n\t\t\t\tparams: {},\n\t\t\t\trouteId: null\n\t\t\t}\n\t\t});\n\t</script></div>\n</body>\n</html>\n \nHost info: host: 'DESKTOP-OGVTKOA', ip: '172.21.192.1'\r\n\tat org.openqa.selenium.remote.ProtocolHandshake.createSession(ProtocolHandshake.java:126)\r\n\tat org.openqa.selenium.remote.ProtocolHandshake.createSession(ProtocolHandshake.java:96)\r\n\tat org.openqa.selenium.remote.ProtocolHandshake.createSession(ProtocolHandshake.java:68)\r\n\tat org.openqa.selenium.remote.HttpCommandExecutor.execute(HttpCommandExecutor.java:163)\r\n\tat org.openqa.selenium.remote.RemoteWebDriver.execute(RemoteWebDriver.java:602)\r\n\tat org.openqa.selenium.remote.RemoteWebDriver.startSession(RemoteWebDriver.java:236)\r\n\tat org.openqa.selenium.remote.RemoteWebDriver.<init>(RemoteWebDriver.java:163)\r\n\tat com.codeborne.selenide.webdriver.RemoteDriverFactory.create(RemoteDriverFactory.java:24)\r\n\tat com.codeborne.selenide.webdriver.WebDriverFactory.createWebDriverInstance(WebDriverFactory.java:114)\r\n\tat com.codeborne.selenide.webdriver.WebDriverFactory.createWebDriver(WebDriverFactory.java:67)\r\n\tat com.codeborne.selenide.drivercommands.CreateDriverCommand.lambda$createDriver$0(CreateDriverCommand.java:72)\r\n\tat com.codeborne.selenide.logevents.SelenideLogger.wrap(SelenideLogger.java:133)\r\n\tat com.codeborne.selenide.logevents.SelenideLogger.get(SelenideLogger.java:113)\r\n\tat com.codeborne.selenide.drivercommands.CreateDriverCommand.createDriver(CreateDriverCommand.java:48)\r\n\tat com.codeborne.selenide.impl.WebDriverThreadLocalContainer.createDriver(WebDriverThreadLocalContainer.java:189)\r\n\tat com.codeborne.selenide.impl.WebDriverThreadLocalContainer.createAndRegisterDriver(WebDriverThreadLocalContainer.java:174)\r\n\tat com.codeborne.selenide.impl.WebDriverThreadLocalContainer.getAndCheckWebDriver(WebDriverThreadLocalContainer.java:136)\r\n\tat com.codeborne.selenide.WebDriverRunner.getAndCheckWebDriver(WebDriverRunner.java:113)\r\n\tat com.codeborne.selenide.impl.StaticDriver.getAndCheckWebDriver(StaticDriver.java:65)\r\n\tat com.codeborne.selenide.SelenideDriver.getAndCheckWebDriver(SelenideDriver.java:213)\r\n\tat com.codeborne.selenide.drivercommands.Navigator.lambda$navigateTo$0(Navigator.java:71)\r\n\tat com.codeborne.selenide.logevents.SelenideLogger.lambda$run$0(SelenideLogger.java:105)\r\n\tat com.codeborne.selenide.logevents.SelenideLogger.wrap(SelenideLogger.java:133)\r\n\tat com.codeborne.selenide.logevents.SelenideLogger.run(SelenideLogger.java:104)\r\n\tat com.codeborne.selenide.drivercommands.Navigator.navigateTo(Navigator.java:69)\r\n\tat com.codeborne.selenide.drivercommands.Navigator.open(Navigator.java:32)\r\n\tat com.codeborne.selenide.SelenideDriver.open(SelenideDriver.java:92)\r\n\tat com.codeborne.selenide.Selenide.open(Selenide.java:53)\r\n\tat HW4.Abstract4Test.init(Abstract4Test.java:21)\r\n\tat java.base/jdk.internal.reflect.NativeMethodAccessorImpl.invoke0(Native Method)\r\n\tat java.base/jdk.internal.reflect.NativeMethodAccessorImpl.invoke(NativeMethodAccessorImpl.java:77)\r\n\tat java.base/jdk.internal.reflect.DelegatingMethodAccessorImpl.invoke(DelegatingMethodAccessorImpl.java:43)\r\n\tat java.base/java.lang.reflect.Method.invoke(Method.java:568)\r\n\tat org.junit.platform.commons.util.ReflectionUtils.invokeMethod(ReflectionUtils.java:727)\r\n\tat org.junit.jupiter.engine.execution.MethodInvocation.proceed(MethodInvocation.java:60)\r\n\tat org.junit.jupiter.engine.execution.InvocationInterceptorChain$ValidatingInvocation.proceed(InvocationInterceptorChain.java:131)\r\n\tat org.junit.jupiter.engine.extension.TimeoutExtension.intercept(TimeoutExtension.java:156)\r\n\tat org.junit.jupiter.engine.extension.TimeoutExtension.interceptLifecycleMethod(TimeoutExtension.java:128)\r\n\tat org.junit.jupiter.engine.extension.TimeoutExtension.interceptBeforeEachMethod(TimeoutExtension.java:78)\r\n\tat org.junit.jupiter.engine.execution.InterceptingExecutableInvoker$ReflectiveInterceptorCall.lambda$ofVoidMethod$0(InterceptingExecutableInvoker.java:103)\r\n\tat org.junit.jupiter.engine.execution.InterceptingExecutableInvoker.lambda$invoke$0(InterceptingExecutableInvoker.java:93)\r\n\tat org.junit.jupiter.engine.execution.InvocationInterceptorChain$InterceptedInvocation.proceed(InvocationInterceptorChain.java:106)\r\n\tat org.junit.jupiter.engine.execution.InvocationInterceptorChain.proceed(InvocationInterceptorChain.java:64)\r\n\tat org.junit.jupiter.engine.execution.InvocationInterceptorChain.chainAndInvoke(InvocationInterceptorChain.java:45)\r\n\tat org.junit.jupiter.engine.execution.InvocationInterceptorChain.invoke(InvocationInterceptorChain.java:37)\r\n\tat org.junit.jupiter.engine.execution.InterceptingExecutableInvoker.invoke(InterceptingExecutableInvoker.java:92)\r\n\tat org.junit.jupiter.engine.execution.InterceptingExecutableInvoker.invoke(InterceptingExecutableInvoker.java:86)\r\n\tat org.junit.jupiter.engine.descriptor.ClassBasedTestDescriptor.invokeMethodInExtensionContext(ClassBasedTestDescriptor.java:520)\r\n\tat org.junit.jupiter.engine.descriptor.ClassBasedTestDescriptor.lambda$synthesizeBeforeEachMethodAdapter$23(ClassBasedTestDescriptor.java:505)\r\n\tat org.junit.jupiter.engine.descriptor.TestMethodTestDescriptor.lambda$invokeBeforeEachMethods$3(TestMethodTestDescriptor.java:174)\r\n\tat org.junit.jupiter.engine.descriptor.TestMethodTestDescriptor.lambda$invokeBeforeMethodsOrCallbacksUntilExceptionOccurs$6(TestMethodTestDescriptor.java:202)\r\n\tat org.junit.platform.engine.support.hierarchical.ThrowableCollector.execute(ThrowableCollector.java:73)\r\n\tat org.junit.jupiter.engine.descriptor.TestMethodTestDescriptor.invokeBeforeMethodsOrCallbacksUntilExceptionOccurs(TestMethodTestDescriptor.java:202)\r\n\tat org.junit.jupiter.engine.descriptor.TestMethodTestDescriptor.invokeBeforeEachMethods(TestMethodTestDescriptor.java:171)\r\n\tat org.junit.jupiter.engine.descriptor.TestMethodTestDescriptor.execute(TestMethodTestDescriptor.java:134)\r\n\tat org.junit.jupiter.engine.descriptor.TestMethodTestDescriptor.execute(TestMethodTestDescriptor.java:68)\r\n\tat org.junit.platform.engine.support.hierarchical.NodeTestTask.lambda$executeRecursively$6(NodeTestTask.java:151)\r\n\tat org.junit.platform.engine.support.hierarchical.ThrowableCollector.execute(ThrowableCollector.java:73)\r\n\tat org.junit.platform.engine.support.hierarchical.NodeTestTask.lambda$executeRecursively$8(NodeTestTask.java:141)\r\n\tat org.junit.platform.engine.support.hierarchical.Node.around(Node.java:137)\r\n\tat org.junit.platform.engine.support.hierarchical.NodeTestTask.lambda$executeRecursively$9(NodeTestTask.java:139)\r\n\tat org.junit.platform.engine.support.hierarchical.ThrowableCollector.execute(ThrowableCollector.java:73)\r\n\tat org.junit.platform.engine.support.hierarchical.NodeTestTask.executeRecursively(NodeTestTask.java:138)\r\n\tat org.junit.platform.engine.support.hierarchical.NodeTestTask.execute(NodeTestTask.java:95)\r\n\tat java.base/java.util.ArrayList.forEach(ArrayList.java:1511)\r\n\tat org.junit.platform.engine.support.hierarchical.SameThreadHierarchicalTestExecutorService.invokeAll(SameThreadHierarchicalTestExecutorService.java:41)\r\n\tat org.junit.platform.engine.support.hierarchical.NodeTestTask.lambda$executeRecursively$6(NodeTestTask.java:155)\r\n\tat org.junit.platform.engine.support.hierarchical.ThrowableCollector.execute(ThrowableCollector.java:73)\r\n\tat org.junit.platform.engine.support.hierarchical.NodeTestTask.lambda$executeRecursively$8(NodeTestTask.java:141)\r\n\tat org.junit.platform.engine.support.hierarchical.Node.around(Node.java:137)\r\n\tat org.junit.platform.engine.support.hierarchical.NodeTestTask.lambda$executeRecursively$9(NodeTestTask.java:139)\r\n\tat org.junit.platform.engine.support.hierarchical.ThrowableCollector.execute(ThrowableCollector.java:73)\r\n\tat org.junit.platform.engine.support.hierarchical.NodeTestTask.executeRecursively(NodeTestTask.java:138)\r\n\tat org.junit.platform.engine.support.hierarchical.NodeTestTask.execute(NodeTestTask.java:95)\r\n\tat java.base/java.util.ArrayList.forEach(ArrayList.java:1511)\r\n\tat org.junit.platform.engine.support.hierarchical.SameThreadHierarchicalTestExecutorService.invokeAll(SameThreadHierarchicalTestExecutorService.java:41)\r\n\tat org.junit.platform.engine.support.hierarchical.NodeTestTask.lambda$executeRecursively$6(NodeTestTask.java:155)\r\n\tat org.junit.platform.engine.support.hierarchical.ThrowableCollector.execute(ThrowableCollector.java:73)\r\n\tat org.junit.platform.engine.support.hierarchical.NodeTestTask.lambda$executeRecursively$8(NodeTestTask.java:141)\r\n\tat org.junit.platform.engine.support.hierarchical.Node.around(Node.java:137)\r\n\tat org.junit.platform.engine.support.hierarchical.NodeTestTask.lambda$executeRecursively$9(NodeTestTask.java:139)\r\n\tat org.junit.platform.engine.support.hierarchical.ThrowableCollector.execute(ThrowableCollector.java:73)\r\n\tat org.junit.platform.engine.support.hierarchical.NodeTestTask.executeRecursively(NodeTestTask.java:138)\r\n\tat org.junit.platform.engine.support.hierarchical.NodeTestTask.execute(NodeTestTask.java:95)\r\n\tat org.junit.platform.engine.support.hierarchical.SameThreadHierarchicalTestExecutorService.submit(SameThreadHierarchicalTestExecutorService.java:35)\r\n\tat org.junit.platform.engine.support.hierarchical.HierarchicalTestExecutor.execute(HierarchicalTestExecutor.java:57)\r\n\tat org.junit.platform.engine.support.hierarchical.HierarchicalTestEngine.execute(HierarchicalTestEngine.java:54)\r\n\tat org.junit.platform.launcher.core.EngineExecutionOrchestrator.execute(EngineExecutionOrchestrator.java:147)\r\n\tat org.junit.platform.launcher.core.EngineExecutionOrchestrator.execute(EngineExecutionOrchestrator.java:127)\r\n\tat org.junit.platform.launcher.core.EngineExecutionOrchestrator.execute(EngineExecutionOrchestrator.java:90)\r\n\tat org.junit.platform.launcher.core.EngineExecutionOrchestrator.lambda$execute$0(EngineExecutionOrchestrator.java:55)\r\n\tat org.junit.platform.launcher.core.EngineExecutionOrchestrator.withInterceptedStreams(EngineExecutionOrchestrator.java:102)\r\n\tat org.junit.platform.launcher.core.EngineExecutionOrchestrator.execute(EngineExecutionOrchestrator.java:54)\r\n\tat org.junit.platform.launcher.core.DefaultLauncher.execute(DefaultLauncher.java:114)\r\n\tat org.junit.platform.launcher.core.DefaultLauncher.execute(DefaultLauncher.java:86)\r\n\tat org.junit.platform.launcher.core.DefaultLauncherSession$DelegatingLauncher.execute(DefaultLauncherSession.java:86)\r\n\tat org.junit.platform.launcher.core.SessionPerRequestLauncher.execute(SessionPerRequestLauncher.java:53)\r\n\tat com.intellij.junit5.JUnit5IdeaTestRunner.startRunnerWithArgs(JUnit5IdeaTestRunner.java:57)\r\n\tat com.intellij.rt.junit.IdeaTestRunner$Repeater$1.execute(IdeaTestRunner.java:38)\r\n\tat com.intellij.rt.execution.junit.TestsRepeater.repeat(TestsRepeater.java:11)\r\n\tat com.intellij.rt.junit.IdeaTestRunner$Repeater.startRunnerWithArgs(IdeaTestRunner.java:35)\r\n\tat com.intellij.rt.junit.JUnitStarter.prepareStreamsAndStart(JUnitStarter.java:232)\r\n\tat com.intellij.rt.junit.JUnitStarter.main(JUnitStarter.java:55)\r\nCaused by: org.openqa.selenium.json.JsonException: Unable to parse: <!doctype html>\n<html lang=\"en\">\n<head>\n    <meta charset=\"utf-8\">\n    <meta name=\"viewport\" content=\"width=device-width,initial-scale=1.0\">\n    <meta name=\"theme-color\" content=\"#333333\">\n\n    <link rel=\"stylesheet\" href=\"/global.css\">\n    <link rel=\"manifest\" href=\"/manifest.json\" crossorigin=\"use-credentials\">\n    <link rel=\"icon\" type=\"image/x-icon\" href=\"/favicon/favicon.ico\">\n    <link rel=\"apple-touch-icon\" href=\"/logo/logo-192.png\">\n\n    <!-- Material Icons -->\n    <link\n        rel=\"stylesheet\"\n        href=\"https://fonts.googleapis.com/icon?family=Material+Icons\"\n    />\n    <!-- Roboto -->\n    <link\n        rel=\"stylesheet\"\n        href=\"https://fonts.googleapis.com/css?family=Roboto:300,400,500,600,700\"\n    />\n    <!-- Roboto Mono -->\n    <link\n        rel=\"stylesheet\"\n        href=\"https://fonts.googleapis.com/css?family=Roboto+Mono\"\n    />\n    <!-- SMUI Styles -->\n    <link rel=\"stylesheet\" href=\"/smui.css\"/>\n\n    <title>404</title>\n\t<link rel=\"stylesheet\" href=\"/_app/immutable/assets/__layout-6fdc8c0a.css\">\n\t<link rel=\"stylesheet\" href=\"/_app/immutable/assets/__error-108d6c30.css\">\n\t<link rel=\"modulepreload\" href=\"/_app/immutable/start-821f7383.js\">\n\t<link rel=\"modulepreload\" href=\"/_app/immutable/chunks/index-30fd21fe.js\">\n\t<link rel=\"modulepreload\" href=\"/_app/immutable/chunks/index-fd7f0df0.js\">\n\t<link rel=\"modulepreload\" href=\"/_app/immutable/pages/__layout.svelte-612f8e01.js\">\n\t<link rel=\"modulepreload\" href=\"/_app/immutable/chunks/access-dd3d2e45.js\">\n\t<link rel=\"modulepreload\" href=\"/_app/immutable/chunks/stores-58934ee3.js\">\n\t<link rel=\"modulepreload\" href=\"/_app/immutable/chunks/Ripple-429b85fd.js\">\n\t<link rel=\"modulepreload\" href=\"/_app/immutable/chunks/useActions-5f809003.js\">\n\t<link rel=\"modulepreload\" href=\"/_app/immutable/chunks/keyboard-49973ed0.js\">\n\t<link rel=\"modulepreload\" href=\"/_app/immutable/pages/__error.svelte-b31895ed.js\">\n</head>\n<body>\n<!-- The application will be rendered inside this element,\n     because `src/client.js` references it -->\n<div id=\"app\">\n\n\n<main class=\"svelte-1pbgeyl\"><nav class=\"svelte-1rc85o5\"></nav>\n    <div class=\"container svelte-1pbgeyl\">\n\n\n\n\n\n\n\n\n\n\n\n\n\n\n\n\n<div class=\"container svelte-195leua\"><h1 class=\"svelte-195leua\">404</h1>\n\n    <p class=\"svelte-195leua\">404: Not found: /login/session</p>\n\n    <pre>Error: Not found: /login/session\n    at resolve (file:///app/build/server/_app/immutable/chunks/index-a7a5809b.js:2365:20)\n    at runMicrotasks (&lt;anonymous>)\n    at processTicksAndRejections (node:internal/process/task_queues:96:5)\n    at async Object.handle (file:///app/build/server/_app/immutable/chunks/hooks-29ade96c.js:29:20)\n    at async respond (file:///app/build/server/_app/immutable/chunks/index-a7a5809b.js:2271:22)\n    at async Array.ssr (file:///app/build/handler-aee37ee5.js:1102:3)</pre></div></div>\n    <footer class=\"svelte-xz48vp\"><div class=\"copyright svelte-xz48vp\">Copyright ⓒ 2022 . Geekbrains</div></footer></main>\n\n\n\t\t<script type=\"module\" data-sveltekit-hydrate=\"4iu7ha\">\n\t\timport { set_public_env, start } from \"/_app/immutable/start-821f7383.js\";\n\n\t\tset_public_env({});\n\n\t\tstart({\n\t\t\ttarget: document.querySelector('[data-sveltekit-hydrate=\"4iu7ha\"]').parentNode,\n\t\t\tpaths: {\"base\":\"\",\"assets\":\"\"},\n\t\t\tsession: (function(a){return {user:{id:null,username:a,token:a,roles:[]}}}(\"\")),\n\t\t\troute: true,\n\t\t\tspa: false,\n\t\t\ttrailing_slash: \"never\",\n\t\t\thydrate: {\n\t\t\t\tstatus: 404,\n\t\t\t\terror: {\"name\":\"Error\",\"message\":\"Not found: /login/session\",\"stack\":\"Error: Not found: /login/session\\n    at resolve (file:///app/build/server/_app/immutable/chunks/index-a7a5809b.js:2365:20)\\n    at runMicrotasks (<anonymous>)\\n    at processTicksAndRejections (node:internal/process/task_queues:96:5)\\n    at async Object.handle (file:///app/build/server/_app/immutable/chunks/hooks-29ade96c.js:29:20)\\n    at async respond (file:///app/build/server/_app/immutable/chunks/index-a7a5809b.js:2271:22)\\n    at async Array.ssr (file:///app/build/handler-aee37ee5.js:1102:3)\"},\n\t\t\t\tnodes: [0, 1],\n\t\t\t\tparams: {},\n\t\t\t\trouteId: null\n\t\t\t}\n\t\t});\n\t</script></div>\n</body>\n</html>\n\r\n\tat org.openqa.selenium.json.Json.toType(Json.java:169)\r\n\tat org.openqa.selenium.json.Json.toType(Json.java:152)\r\n\tat org.openqa.selenium.remote.ProtocolHandshake.createSession(ProtocolHandshake.java:122)\r\n\t... 102 more\r\nCaused by: org.openqa.selenium.json.JsonException: Unable to determine type from: <. Last 1 characters read: <\nBuild info: version: '4.12.1', revision: '8e34639b11'\nSystem info: os.name: 'Windows 10', os.arch: 'amd64', os.version: '10.0', java.version: '17.0.7'\nDriver info: driver.version: SelenideDriver\r\n\tat org.openqa.selenium.json.JsonInput.peek(JsonInput.java:164)\r\n\tat org.openqa.selenium.json.JsonTypeCoercer.lambda$buildCoercer$6(JsonTypeCoercer.java:170)\r\n\tat org.openqa.selenium.json.JsonTypeCoercer.coerce(JsonTypeCoercer.java:149)\r\n\tat org.openqa.selenium.json.Json.toType(Json.java:206)\r\n\tat org.openqa.selenium.json.Json.toType(Json.java:167)\r\n\t... 104 more\r\n"},"stage":"finished","description":"","steps":[],"attachments":[],"parameters":[],"start":1709214209556,"stop":1709214216888}